TN:
SF:/Users/tallpants/Projects/Mine/RailTrack/src/clients/RailwayAPIClient.ts
FN:9,(anonymous_1)
FN:13,(anonymous_2)
FNF:2
FNH:2
FNDA:1,(anonymous_1)
FNDA:1,(anonymous_2)
DA:1,1
DA:5,1
DA:7,1
DA:10,1
DA:14,1
LF:5
LH:5
BRF:0
BRH:0
end_of_record
TN:
SF:/Users/tallpants/Projects/Mine/RailTrack/src/services/RailwayApiPnrService.ts
FN:25,(anonymous_6)
FN:29,(anonymous_7)
FN:54,(anonymous_9)
FNF:3
FNH:3
FNDA:5,(anonymous_6)
FNDA:5,(anonymous_7)
FNDA:3,(anonymous_9)
DA:22,1
DA:26,5
DA:32,5
DA:33,5
DA:35,1
DA:38,4
DA:40,1
DA:42,1
DA:44,1
DA:47,1
DA:54,3
LF:11
LH:11
BRDA:39,0,0,1
BRDA:39,0,1,1
BRDA:39,0,2,1
BRF:3
BRH:3
end_of_record
